<?xml version="1.0" encoding="UTF-8"?>
<!-- Generated by org.testng.reporters.JUnitXMLReporter -->
<testsuite ignored="1" hostname="TL351" failures="0" tests="2" name="Default test" time="2.893" errors="0" timestamp="2024-04-18T14:27:58 IST">
  <testcase classname="Automation.API.LibraryApiTest" name="libraryApiTest" time="2.703"/>
  <testcase classname="Automation.API.LibraryApiTest" name="deleteNewlyAddedBook" time="0.132"/>
  <testcase classname="Automation.API.LibraryApiTest" name="getBooksByAuthorTest" time="0.0">
    <ignored/>
  </testcase> <!-- getBooksByAuthorTest -->
</testsuite> <!-- Default test -->
