<?xml version="1.0" encoding="UTF-8"?>
<!-- Generated by org.testng.reporters.JUnitXMLReporter -->
<testsuite ignored="2" hostname="TL351" failures="0" tests="1" name="Default test" time="2.447" errors="0" timestamp="2024-04-17T15:55:59 IST">
  <testcase classname="Automation.API.AppTest" name="apiAsserstionsTest" time="2.395"/>
  <testcase classname="Automation.API.AppTest" name="parseApiJsonTest" time="0.0">
    <ignored/>
  </testcase> <!-- parseApiJsonTest -->
  <testcase classname="Automation.API.AppTest" name="complexJsonHandilingTest" time="0.0">
    <ignored/>
  </testcase> <!-- complexJsonHandilingTest -->
</testsuite> <!-- Default test -->
