<?xml version="1.0" encoding="UTF-8"?>
<testng-results ignored="2" total="3" passed="1" failed="0" skipped="0">
  <reporter-output>
  </reporter-output>
  <suite started-at="2024-04-17T15:55:57 IST" name="Default suite" finished-at="2024-04-17T15:55:59 IST" duration-ms="2447">
    <groups>
    </groups>
    <test started-at="2024-04-17T15:55:57 IST" name="Default test" finished-at="2024-04-17T15:55:59 IST" duration-ms="2447">
      <class name="Automation.API.AppTest">
        <test-method signature="apiAsserstionsTest()[pri:0, instance:Automation.API.AppTest@1a451d4d]" started-at="2024-04-17T15:55:57 IST" name="apiAsserstionsTest" finished-at="2024-04-17T15:55:59 IST" duration-ms="2395" status="PASS">
          <reporter-output>
          </reporter-output>
        </test-method> <!-- apiAsserstionsTest -->
      </class> <!-- Automation.API.AppTest -->
    </test> <!-- Default test -->
  </suite> <!-- Default suite -->
</testng-results>
